{
  "stats": {
    "suites": 2,
    "tests": 12,
    "passes": 7,
    "pending": 0,
    "failures": 5,
    "start": "2024-11-21T12:07:48.949Z",
    "end": "2024-11-21T12:19:45.773Z",
    "duration": 716824,
    "testsRegistered": 12,
    "passPercent": 58.333333333333336,
    "pendingPercent": 0,
    "other": 0,
    "hasOther": false,
    "skipped": 0,
    "hasSkipped": false
  },
  "results": [
    {
      "uuid": "31218f96-edbb-4c59-bfc0-9fbab4ef8950",
      "title": "",
      "fullFile": "cypress/e2e/test1.cy.js",
      "file": "cypress/e2e/test1.cy.js",
      "beforeHooks": [],
      "afterHooks": [],
      "tests": [],
      "suites": [
        {
          "uuid": "67288593-cb2f-4c24-a79b-3c527eedc360",
          "title": "Homepage Functionality",
          "fullFile": "",
          "file": "",
          "beforeHooks": [],
          "afterHooks": [],
          "tests": [
            {
              "title": "should return 404 for a non-existent page (Negative)",
              "fullTitle": "Homepage Functionality should return 404 for a non-existent page (Negative)",
              "timedOut": null,
              "duration": 89355,
              "state": "passed",
              "speed": "slow",
              "pass": true,
              "fail": false,
              "pending": false,
              "context": null,
              "code": "cy.request({\n  url: 'kaizen-website/non-existent-page',\n  failOnStatusCode: false // Prevent test failure on non-2xx/3xx responses\n}).then(response => {\n  expect(response.status).to.eq(404);\n  cy.screenshot('invalid-url-error'); // Verify status code\n});",
              "err": {},
              "uuid": "328b8633-76c7-47bf-9513-901ad51ced7a",
              "parentUUID": "67288593-cb2f-4c24-a79b-3c527eedc360",
              "isHook": false,
              "skipped": false
            },
            {
              "title": "should load the homepage successfully",
              "fullTitle": "Homepage Functionality should load the homepage successfully",
              "timedOut": null,
              "duration": 63419,
              "state": "passed",
              "speed": "slow",
              "pass": true,
              "fail": false,
              "pending": false,
              "context": null,
              "code": "// Check if the homepage loads with status 200\ncy.request('kaizen-website/').then(response => {\n  expect(response.status).to.eq(200); // Verify status code\n  cy.screenshot('homepage-success');\n});",
              "err": {},
              "uuid": "fb46a7ef-a7a4-41a3-9b8c-a3a7e9c685e0",
              "parentUUID": "67288593-cb2f-4c24-a79b-3c527eedc360",
              "isHook": false,
              "skipped": false
            },
            {
              "title": "should have the correct page title",
              "fullTitle": "Homepage Functionality should have the correct page title",
              "timedOut": null,
              "duration": 62825,
              "state": "passed",
              "speed": "slow",
              "pass": true,
              "fail": false,
              "pending": false,
              "context": null,
              "code": "// Verify the title of the homepage\ncy.title().should('include', 'Industrial Steel Manufacturers | Kaizen Smartbuild');\ncy.screenshot('title');",
              "err": {},
              "uuid": "f60c6b4c-bb22-4359-8c7d-c9cfc7655d9e",
              "parentUUID": "67288593-cb2f-4c24-a79b-3c527eedc360",
              "isHook": false,
              "skipped": false
            },
            {
              "title": "should not include an incorrect title (Negative)",
              "fullTitle": "Homepage Functionality should not include an incorrect title (Negative)",
              "timedOut": null,
              "duration": 65168,
              "state": "passed",
              "speed": "slow",
              "pass": true,
              "fail": false,
              "pending": false,
              "context": null,
              "code": "cy.title().should('not.include', 'Wrong Title');\ncy.screenshot('incorrecttitle');",
              "err": {},
              "uuid": "6ccad4b5-5faa-4a74-81c0-f7d8982f160c",
              "parentUUID": "67288593-cb2f-4c24-a79b-3c527eedc360",
              "isHook": false,
              "skipped": false
            },
            {
              "title": "should navigate to About Us page",
              "fullTitle": "Homepage Functionality should navigate to About Us page",
              "timedOut": null,
              "duration": 36623,
              "state": "failed",
              "speed": null,
              "pass": false,
              "fail": true,
              "pending": false,
              "context": null,
              "code": "// Check if the \"About Us\" link works\ncy.get('a').contains('About Us').click();\ncy.url().should('include', '/about-us');\ncy.screenshot('failedaboutlink');",
              "err": {
                "message": "AssertionError: Timed out retrying after 4000ms: expected 'http://18.143.78.26/AboutUs' to include '/about-us'",
                "estack": "AssertionError: Timed out retrying after 4000ms: expected 'http://18.143.78.26/AboutUs' to include '/about-us'\n    at Context.eval (webpack://cypressautiontest/./cypress/e2e/test1.cy.js:46:13)",
                "diff": null
              },
              "uuid": "84b3611b-035e-4920-acb2-60c8d6fa6f18",
              "parentUUID": "67288593-cb2f-4c24-a79b-3c527eedc360",
              "isHook": false,
              "skipped": false
            },
            {
              "title": "should not navigate to a broken link (Negative)",
              "fullTitle": "Homepage Functionality should not navigate to a broken link (Negative)",
              "timedOut": null,
              "duration": 65906,
              "state": "passed",
              "speed": "slow",
              "pass": true,
              "fail": false,
              "pending": false,
              "context": null,
              "code": "cy.get('a[href=\"broken-link\"]').should('not.exist');\ncy.screenshot('brokenlink');",
              "err": {},
              "uuid": "92312bc6-721d-48cc-8b1d-31fc00f87f6e",
              "parentUUID": "67288593-cb2f-4c24-a79b-3c527eedc360",
              "isHook": false,
              "skipped": false
            }
          ],
          "suites": [],
          "passes": [
            "328b8633-76c7-47bf-9513-901ad51ced7a",
            "fb46a7ef-a7a4-41a3-9b8c-a3a7e9c685e0",
            "f60c6b4c-bb22-4359-8c7d-c9cfc7655d9e",
            "6ccad4b5-5faa-4a74-81c0-f7d8982f160c",
            "92312bc6-721d-48cc-8b1d-31fc00f87f6e"
          ],
          "failures": [
            "84b3611b-035e-4920-acb2-60c8d6fa6f18"
          ],
          "pending": [],
          "skipped": [],
          "duration": 383296,
          "root": false,
          "rootEmpty": false,
          "_timeout": 2000
        },
        {
          "uuid": "e6a7422d-6b57-4def-8325-e9019e47dc88",
          "title": "Homepage Design Validation",
          "fullFile": "",
          "file": "",
          "beforeHooks": [],
          "afterHooks": [],
          "tests": [
            {
              "title": "should have the correct logo",
              "fullTitle": "Homepage Design Validation should have the correct logo",
              "timedOut": null,
              "duration": 40064,
              "state": "failed",
              "speed": null,
              "pass": false,
              "fail": true,
              "pending": false,
              "context": null,
              "code": "// Check if the logo image exists and is visible\ncy.get('.logo').should('be.visible');\ncy.get('.logo').then($el => {\n  cy.log('Logo Element:', $el);\n  expect($el).to.exist;\n  cy.screenshot('logocorrect or incorrect');\n});\n// Adjust the selector for the logo",
              "err": {
                "message": "AssertionError: Timed out retrying after 4000ms: Expected to find element: `.logo`, but never found it.",
                "estack": "AssertionError: Timed out retrying after 4000ms: Expected to find element: `.logo`, but never found it.\n    at Context.eval (webpack://cypressautiontest/./cypress/e2e/test1.cy.js:68:20)",
                "diff": null
              },
              "uuid": "86a5a225-4061-450e-a612-a75e00092321",
              "parentUUID": "e6a7422d-6b57-4def-8325-e9019e47dc88",
              "isHook": false,
              "skipped": false
            },
            {
              "title": "should not have a missing logo element (Negative)",
              "fullTitle": "Homepage Design Validation should not have a missing logo element (Negative)",
              "timedOut": null,
              "duration": 67390,
              "state": "passed",
              "speed": "slow",
              "pass": true,
              "fail": false,
              "pending": false,
              "context": null,
              "code": "cy.get('.missing-logo').should('not.exist');\ncy.screenshot('missinglogo');",
              "err": {},
              "uuid": "4a2a416a-5b5d-432c-8b38-15a9b92cf482",
              "parentUUID": "e6a7422d-6b57-4def-8325-e9019e47dc88",
              "isHook": false,
              "skipped": false
            },
            {
              "title": "should have the correct header background color",
              "fullTitle": "Homepage Design Validation should have the correct header background color",
              "timedOut": null,
              "duration": 42110,
              "state": "failed",
              "speed": null,
              "pass": false,
              "fail": true,
              "pending": false,
              "context": null,
              "code": "// Check the background color of the header\ncy.get('header').should('have.css', 'background-color', 'rgb(255, 255, 255)');\n// Adjust as per design\ncy.screenshot('match color');",
              "err": {
                "message": "AssertionError: Timed out retrying after 4000ms: expected '<header>' to have CSS property 'background-color' with the value 'rgb(255, 255, 255)', but the value was 'rgba(0, 0, 0, 0)'",
                "estack": "AssertionError: Timed out retrying after 4000ms: expected '<header>' to have CSS property 'background-color' with the value 'rgb(255, 255, 255)', but the value was 'rgba(0, 0, 0, 0)'\n    at Context.eval (webpack://cypressautiontest/./cypress/e2e/test1.cy.js:84:21)",
                "diff": "- 'rgba(0, 0, 0, 0)'\n+ 'rgb(255, 255, 255)'\n"
              },
              "uuid": "176163dd-e02c-4d93-9a25-ac57f1808d29",
              "parentUUID": "e6a7422d-6b57-4def-8325-e9019e47dc88",
              "isHook": false,
              "skipped": false
            },
            {
              "title": "should not have an incorrect header background color (Negative)",
              "fullTitle": "Homepage Design Validation should not have an incorrect header background color (Negative)",
              "timedOut": null,
              "duration": 69126,
              "state": "passed",
              "speed": "slow",
              "pass": true,
              "fail": false,
              "pending": false,
              "context": null,
              "code": "cy.get('header').should('not.have.css', 'background-color', 'rgb(0, 0, 0)'); // Black color as a negative case\ncy.screenshot('not match color');",
              "err": {},
              "uuid": "8db9fdcd-aa19-458d-b975-516d4d104051",
              "parentUUID": "e6a7422d-6b57-4def-8325-e9019e47dc88",
              "isHook": false,
              "skipped": false
            },
            {
              "title": "should have the correct font size on the main heading",
              "fullTitle": "Homepage Design Validation should have the correct font size on the main heading",
              "timedOut": null,
              "duration": 54474,
              "state": "failed",
              "speed": null,
              "pass": false,
              "fail": true,
              "pending": false,
              "context": null,
              "code": "// Check the font size of the main heading\ncy.get('h1').should('have.css', 'font-size', '48px'); // Adjust as per design\ncy.screenshot('fontsize correct');",
              "err": {
                "message": "AssertionError: Timed out retrying after 4000ms: Expected to find element: `h1`, but never found it.",
                "estack": "AssertionError: Timed out retrying after 4000ms: Expected to find element: `h1`, but never found it.\n    at Context.eval (webpack://cypressautiontest/./cypress/e2e/test1.cy.js:96:17)",
                "diff": null
              },
              "uuid": "0fada129-0281-4c37-a451-fd210a8d0f23",
              "parentUUID": "e6a7422d-6b57-4def-8325-e9019e47dc88",
              "isHook": false,
              "skipped": false
            },
            {
              "title": "should not have an incorrect font size on the main heading (Negative)",
              "fullTitle": "Homepage Design Validation should not have an incorrect font size on the main heading (Negative)",
              "timedOut": null,
              "duration": 53239,
              "state": "failed",
              "speed": null,
              "pass": false,
              "fail": true,
              "pending": false,
              "context": null,
              "code": "cy.get('h1').should('not.have.css', 'font-size', '24px');\ncy.screenshot('fontsize not correct'); // Example of an incorrect font size",
              "err": {
                "message": "AssertionError: Timed out retrying after 4000ms: Expected to find element: `h1`, but never found it.",
                "estack": "AssertionError: Timed out retrying after 4000ms: Expected to find element: `h1`, but never found it.\n    at Context.eval (webpack://cypressautiontest/./cypress/e2e/test1.cy.js:101:19)",
                "diff": null
              },
              "uuid": "9db96202-3e6e-4272-866e-f1f9ec3d3fbf",
              "parentUUID": "e6a7422d-6b57-4def-8325-e9019e47dc88",
              "isHook": false,
              "skipped": false
            }
          ],
          "suites": [],
          "passes": [
            "4a2a416a-5b5d-432c-8b38-15a9b92cf482",
            "8db9fdcd-aa19-458d-b975-516d4d104051"
          ],
          "failures": [
            "86a5a225-4061-450e-a612-a75e00092321",
            "176163dd-e02c-4d93-9a25-ac57f1808d29",
            "0fada129-0281-4c37-a451-fd210a8d0f23",
            "9db96202-3e6e-4272-866e-f1f9ec3d3fbf"
          ],
          "pending": [],
          "skipped": [],
          "duration": 326403,
          "root": false,
          "rootEmpty": false,
          "_timeout": 2000
        }
      ],
      "passes": [],
      "failures": [],
      "pending": [],
      "skipped": [],
      "duration": 0,
      "root": true,
      "rootEmpty": true,
      "_timeout": 2000
    }
  ],
  "meta": {
    "mocha": {
      "version": "7.0.1"
    },
    "mochawesome": {
      "options": {
        "quiet": false,
        "reportFilename": "index.html",
        "saveHtml": true,
        "saveJson": true,
        "consoleReporter": "spec",
        "useInlineDiffs": false,
        "code": true
      },
      "version": "7.1.3"
    },
    "marge": {
      "options": {
        "reportDir": "cypress/reports",
        "overwrite": false,
        "html": true,
        "json": true,
        "reportFilename": "index.html",
        "screenshots": true
      },
      "version": "6.2.0"
    }
  }
}